<?xml version="1.0" encoding="UTF-8"?>
<!-- Generated by org.testng.reporters.JUnitReportReporter -->
<testsuite hostname="CP0751" name="testSuite.GmailTests" tests="5" failures="0" timestamp="9 Mar 2016 11:27:01 GMT" time="83.247" errors="0">
  <testcase name="failureLoginPass" time="12.226" classname="testSuite.GmailTests"/>
  <testcase name="successSearchMail" time="19.376" classname="testSuite.GmailTests"/>
  <testcase name="failureLoginPass" time="13.138" classname="testSuite.GmailTests"/>
  <testcase name="successLogin" time="19.875" classname="testSuite.GmailTests"/>
  <testcase name="failureSearchMail" time="18.632" classname="testSuite.GmailTests"/>
</testsuite> <!-- testSuite.GmailTests -->
